<?xml version="1.0" encoding="UTF-8"?>
<!-- Generated by org.testng.reporters.JUnitReportReporter -->
<testsuite skipped="0" hostname="L1145" name="tttestNG.Day2" tests="4" failures="0" timestamp="2020-05-20T13:39:01 CEST" time="0.015" errors="0">
  <testcase name="byTest" time="0.000" classname="tttestNG.Day2"/>
  <system-out/>
  <testcase name="byTest" time="0.015" classname="tttestNG.Day2"/>
  <system-out/>
  <testcase name="byTest" time="0.000" classname="tttestNG.Day2"/>
  <system-out/>
  <testcase name="helloTest" time="0.000" classname="tttestNG.Day2"/>
  <system-out/>
</testsuite> <!-- tttestNG.Day2 -->
