<?xml version="1.0" encoding="UTF-8"?>
<!-- Generated by org.testng.reporters.JUnitReportReporter -->
<testsuite skipped="0" hostname="L1145" name="tttestNG.Main" tests="2" failures="0" timestamp="2020-05-20T13:39:01 CEST" time="0.001" errors="0">
  <testcase name="testCaseLogin2" time="0.000" classname="tttestNG.Main"/>
  <system-out/>
  <testcase name="testCaseLogin" time="0.001" classname="tttestNG.Main"/>
  <system-out/>
</testsuite> <!-- tttestNG.Main -->
