<?xml version="1.0" encoding="UTF-8"?>
<!-- Generated by org.testng.reporters.JUnitReportReporter -->
<testsuite skipped="2" hostname="L1145" name="tttestNG.Day3" tests="9" failures="0" timestamp="2020-05-20T13:39:01 CEST" time="0.002" errors="0">
  <testcase name="weblogin" time="0.001" classname="tttestNG.Day3"/>
  <system-out/>
  <testcase name="apiLogOut" time="0.000" classname="tttestNG.Day3"/>
  <system-out/>
  <testcase name="weblogin" time="0.000" classname="tttestNG.Day3"/>
  <system-out/>
  <testcase name="apiLogin" time="0.000" classname="tttestNG.Day3"/>
  <system-out/>
  <testcase name="apiLogin" time="0.001" classname="tttestNG.Day3"/>
  <system-out/>
  <testcase name="worksapi" time="0.000" classname="tttestNG.Day3"/>
  <system-out/>
  <testcase name="webLogout" time="0.000" classname="tttestNG.Day3"/>
  <system-out/>
  <testcase name="mobileLogin" classname="tttestNG.Day3">
    <skipped/>
  </testcase> <!-- mobileLogin -->
  <system-out/>
  <testcase name="mobileLogin" classname="tttestNG.Day3">
    <skipped/>
  </testcase> <!-- mobileLogin -->
  <system-out/>
</testsuite> <!-- tttestNG.Day3 -->
